生成启动时间为 2018/3/12 21:42:23。
     1>项目“D:\solar-work\solar\solor-client\vc\TankGame\TankGame\TankGame.vcxproj”在节点 2 上(Build 个目标)。
     1>ClCompile:
         C:\Program Files (x86)\Microsoft Visual Studio 14.0\VC\bin\x86_amd64\CL.exe /c /ZI /nologo /W3 /WX- /sdl /Od /D _MBCS /Gm /EHsc /RTC1 /MDd /GS /fp:precise /Zc:wchar_t /Zc:forScope /Zc:inline /Fo"x64\Debug\\" /Fd"x64\Debug\vc140.pdb" /Gd /TP /errorReport:prompt MainTank.cpp main.cpp
         main.cpp
         MainTank.cpp
         正在生成代码...
       Link:
         C:\Program Files (x86)\Microsoft Visual Studio 14.0\VC\bin\x86_amd64\link.exe /ERRORREPORT:PROMPT /OUT:"D:\solar-work\solar\solor-client\vc\TankGame\x64\Debug\TankGame.exe" /INCREMENTAL /NOLOGO kernel32.lib user32.lib gdi32.lib winspool.lib comdlg32.lib advapi32.lib shell32.lib ole32.lib oleaut32.lib uuid.lib odbc32.lib odbccp32.lib /MANIFEST /MANIFESTUAC:"level='asInvoker' uiAccess='false'" /manifest:embed /DEBUG:FASTLINK /PDB:"D:\solar-work\solar\solor-client\vc\TankGame\x64\Debug\TankGame.pdb" /TLBID:1 /DYNAMICBASE /NXCOMPAT /IMPLIB:"D:\solar-work\solar\solor-client\vc\TankGame\x64\Debug\TankGame.lib" /MACHINE:X64 x64\Debug\Graphic.obj
         x64\Debug\main.obj
         x64\Debug\MainTank.obj
         x64\Debug\Point.obj
         x64\Debug\Rect.obj
         x64\Debug\star.obj
         x64\Debug\stdafx.obj
         x64\Debug\Tank.obj
         TankGame.vcxproj -> D:\solar-work\solar\solor-client\vc\TankGame\x64\Debug\TankGame.exe
     1>已完成生成项目“D:\solar-work\solar\solor-client\vc\TankGame\TankGame\TankGame.vcxproj”(Build 个目标)的操作。

已成功生成。

已用时间 00:00:01.58
