d:\solar-work\solar\solor-client\vc\tankgame\tankgame\x64\debug\vc140.pdb
d:\solar-work\solar\solor-client\vc\tankgame\tankgame\x64\debug\vc140.idb
d:\solar-work\solar\solor-client\vc\tankgame\tankgame\x64\debug\bomb.obj
d:\solar-work\solar\solor-client\vc\tankgame\tankgame\x64\debug\bullet.obj
d:\solar-work\solar\solor-client\vc\tankgame\tankgame\x64\debug\enemytank.obj
d:\solar-work\solar\solor-client\vc\tankgame\tankgame\x64\debug\graphic.obj
d:\solar-work\solar\solor-client\vc\tankgame\tankgame\x64\debug\main.obj
d:\solar-work\solar\solor-client\vc\tankgame\tankgame\x64\debug\maintank.obj
d:\solar-work\solar\solor-client\vc\tankgame\tankgame\x64\debug\point.obj
d:\solar-work\solar\solor-client\vc\tankgame\tankgame\x64\debug\rect.obj
d:\solar-work\solar\solor-client\vc\tankgame\tankgame\x64\debug\setting.obj
d:\solar-work\solar\solor-client\vc\tankgame\tankgame\x64\debug\star.obj
d:\solar-work\solar\solor-client\vc\tankgame\tankgame\x64\debug\stdafx.obj
d:\solar-work\solar\solor-client\vc\tankgame\tankgame\x64\debug\tank.obj
d:\solar-work\solar\solor-client\vc\tankgame\x64\debug\tankgame.ilk
d:\solar-work\solar\solor-client\vc\tankgame\x64\debug\tankgame.exe
d:\solar-work\solar\solor-client\vc\tankgame\x64\debug\tankgame.pdb
d:\solar-work\solar\solor-client\vc\tankgame\tankgame\x64\debug\tankgame.tlog\cl.command.1.tlog
d:\solar-work\solar\solor-client\vc\tankgame\tankgame\x64\debug\tankgame.tlog\cl.read.1.tlog
d:\solar-work\solar\solor-client\vc\tankgame\tankgame\x64\debug\tankgame.tlog\cl.write.1.tlog
d:\solar-work\solar\solor-client\vc\tankgame\tankgame\x64\debug\tankgame.tlog\link.command.1.tlog
d:\solar-work\solar\solor-client\vc\tankgame\tankgame\x64\debug\tankgame.tlog\link.read.1.tlog
d:\solar-work\solar\solor-client\vc\tankgame\tankgame\x64\debug\tankgame.tlog\link.write.1.tlog
